<?xml version="1.0" encoding="utf-8"?><testsuites name="pytest tests"><testsuite name="pytest" errors="0" failures="0" skipped="0" tests="50" time="1.770" timestamp="2026-07-29T14:59:30.599451+08:00" hostname="dev.local"><testcase classname="tests.test_import_session" name="test_import_creates_one_auditable_task_experience[codex/failed_command.jsonl-codex]" time="0.017" /><testcase classname="tests.test_import_session" name="test_import_creates_one_auditable_task_experience[claude/failed_command.jsonl-claude]" time="0.018" /><testcase classname="tests.test_import_session" name="test_repeat_import_is_idempotent" time="0.014" /><testcase classname="tests.test_import_session" name="test_task_experience_uses_observed_outcome[exit_codes0-unknown]" time="0.010" /><testcase classname="tests.test_import_session" name="test_task_experience_uses_observed_outcome[exit_codes1-success]" time="0.014" /><testcase classname="tests.test_import_session" name="test_task_experience_uses_observed_outcome[exit_codes2-failure]" time="0.013" /><testcase classname="tests.test_import_session" name="test_task_experience_uses_observed_outcome[exit_codes3-partial]" time="0.014" /><testcase classname="tests.test_import_session" name="test_large_episode_uses_bounded_deterministic_evidence_selection" time="0.087" /><testcase classname="tests.test_import_session" name="test_unclosed_suffix_waits_for_explicit_finalize" time="0.015" /><testcase classname="tests.test_import_session" name="test_next_user_closes_previous_task_but_leaves_new_task_open" time="0.017" /><testcase classname="tests.test_import_session" name="test_append_after_committed_boundary_creates_linked_continuation" time="0.016" /><testcase classname="tests.test_import_session" name="test_capture_recovers_each_documented_write_intent_boundary[capture_after_intent_prepared]" time="0.017" /><testcase classname="tests.test_import_session" name="test_capture_recovers_each_documented_write_intent_boundary[capture_after_temp_write]" time="0.017" /><testcase classname="tests.test_import_session" name="test_capture_recovers_each_documented_write_intent_boundary[capture_after_file_fsync]" time="0.017" /><testcase classname="tests.test_import_session" name="test_capture_recovers_each_documented_write_intent_boundary[capture_after_atomic_create]" time="0.017" /><testcase classname="tests.test_import_session" name="test_capture_recovers_each_documented_write_intent_boundary[capture_after_directory_fsync]" time="0.019" /><testcase classname="tests.test_import_session" name="test_capture_recovers_each_documented_write_intent_boundary[capture_transaction_b_start]" time="0.017" /><testcase classname="tests.test_import_session" name="test_capture_recovers_each_documented_write_intent_boundary[capture_before_commit]" time="0.018" /><testcase classname="tests.test_import_session" name="test_capture_recovers_each_documented_write_intent_boundary[capture_after_complete]" time="0.014" /><testcase classname="tests.test_import_session" name="test_committed_source_rewrite_is_typed_and_does_not_advance_cursor" time="0.011" /><testcase classname="tests.test_import_session" name="test_recovery_marks_conflicting_markdown_intent_conflicted" time="0.015" /><testcase classname="tests.test_import_session" name="test_write_intent_reserves_episode_closure_before_markdown" time="0.013" /><testcase classname="tests.test_import_session" name="test_legacy_sqlite_root_is_rejected_before_mutation" time="0.001" /><testcase classname="tests.test_semantic_runtime" name="test_missing_semantic_provider_keeps_experience_and_pending_job" time="0.012" /><testcase classname="tests.test_semantic_runtime" name="test_semantic_success_persists_multiple_optional_memories_and_one_work_state" time="0.023" /><testcase classname="tests.test_semantic_runtime" name="test_assistant_authored_preference_is_rejected_without_losing_experience" time="0.018" /><testcase classname="tests.test_semantic_runtime" name="test_provider_timeout_is_retryable_and_completed_job_is_not_called_again" time="0.017" /><testcase classname="tests.test_semantic_runtime" name="test_semantic_retry_is_bounded" time="0.020" /><testcase classname="tests.test_semantic_runtime" name="test_later_episode_can_close_one_existing_issue_workstream" time="0.030" /><testcase classname="tests.test_semantic_runtime" name="test_semantic_commit_recovers_without_recalling_provider[semantic_after_intent_prepared]" time="0.028" /><testcase classname="tests.test_semantic_runtime" name="test_semantic_commit_recovers_without_recalling_provider[semantic_after_atomic_create]" time="0.025" /><testcase classname="tests.test_semantic_runtime" name="test_semantic_commit_recovers_without_recalling_provider[semantic_transaction_b_start]" time="0.026" /><testcase classname="tests.test_semantic_runtime" name="test_semantic_commit_recovers_without_recalling_provider[semantic_before_commit]" time="0.026" /><testcase classname="tests.test_semantic_runtime" name="test_semantic_commit_recovers_without_recalling_provider[semantic_after_complete]" time="0.023" /><testcase classname="tests.test_evolution_runtime" name="test_direct_memory_recovers_at_each_durable_boundary[direct_memory_after_intent_prepared]" time="0.010" /><testcase classname="tests.test_evolution_runtime" name="test_direct_memory_recovers_at_each_durable_boundary[direct_memory_after_atomic_create]" time="0.010" /><testcase classname="tests.test_evolution_runtime" name="test_direct_memory_recovers_at_each_durable_boundary[direct_memory_after_directory_fsync]" time="0.009" /><testcase classname="tests.test_evolution_runtime" name="test_direct_memory_recovers_at_each_durable_boundary[direct_memory_transaction_b_start]" time="0.009" /><testcase classname="tests.test_evolution_runtime" name="test_direct_memory_recovers_at_each_durable_boundary[direct_memory_before_commit]" time="0.009" /><testcase classname="tests.test_evolution_runtime" name="test_direct_memory_recovers_at_each_durable_boundary[direct_memory_after_complete]" time="0.011" /><testcase classname="tests.test_evolution_runtime" name="test_supersession_is_immutable_idempotent_and_restorable" time="0.022" /><testcase classname="tests.test_evolution_runtime" name="test_policy_rejects_subject_mismatch_and_active_restore" time="0.012" /><testcase classname="tests.test_evolution_runtime" name="test_restore_rejects_task_experience_and_ambiguous_lineage" time="0.027" /><testcase classname="tests.test_evolution_runtime" name="test_prepared_evolution_recovers_after_process_restart[evolution_after_intent_prepared]" time="0.015" /><testcase classname="tests.test_evolution_runtime" name="test_prepared_evolution_recovers_after_process_restart[evolution_before_commit]" time="0.016" /><testcase classname="tests.test_evolution_runtime" name="test_prepared_restore_recovers_after_process_restart[evolution_after_intent_prepared]" time="0.020" /><testcase classname="tests.test_evolution_runtime" name="test_prepared_restore_recovers_after_process_restart[evolution_before_commit]" time="0.045" /><testcase classname="tests.test_evolution_runtime" name="test_concurrent_successors_leave_one_active_tip" time="0.022" /><testcase classname="tests.test_evolution_runtime" name="test_markdown_rebuild_derives_status_from_edges" time="0.014" /><testcase classname="tests.test_evolution_runtime" name="test_domain_detects_self_edge_before_persistence" time="0.000" /></testsuite></testsuites>